peter@peter-Nitro-AN515-55:~/AIU/AIU_CS800_Chisel/600_UCB_Chisel/012_Run_All_Examples/chisel-tutorial-release$ ./012_Run_All_Example.scr 
[sbt_options] declare -a sbt_options=()
[process_args] java_version = '8'
# Executing command line:
java
-Dfile.encoding=UTF-8
-Xms1024m
-Xmx1024m
-Xss4M
-XX:ReservedCodeCacheSize=128m
-Dsbt.script=/home/peter/.sdkman/candidates/sbt/current/bin/sbt
-jar
/home/peter/.sdkman/candidates/sbt/1.10.6/bin/sbt-launch.jar
"test:runMain examples.Launcher all"

[info] Loading project definition from /home/peter/AIU/AIU_CS800_Chisel/600_UCB_Chisel/012_Run_All_Examples/chisel-tutorial-release/project
[info] Loading settings for project chisel-tutorial-release from build.sbt ...
[info] Set current project to chisel-tutorial (in build file:/home/peter/AIU/AIU_CS800_Chisel/600_UCB_Chisel/012_Run_All_Examples/chisel-tutorial-release/)
[info] Compiling 56 Scala sources to /home/peter/AIU/AIU_CS800_Chisel/600_UCB_Chisel/012_Run_All_Examples/chisel-tutorial-release/target/scala-2.12/classes ...
[info] Compiling 63 Scala sources to /home/peter/AIU/AIU_CS800_Chisel/600_UCB_Chisel/012_Run_All_Examples/chisel-tutorial-release/target/scala-2.12/test-classes ...
[warn] Multiple main classes detected.  Run 'show discoveredMainClasses' to see the list
[info] running examples.Launcher all
Starting tutorial ShiftRegister
[info] [0.001] Elaborating design...
[info] [0.811] Done elaborating.
Computed transform order in: 274.1 ms
Total FIRRTL Compile Time: 517.9 ms
file loaded in 0.054336306 seconds, 13 symbols, 10 statements
[info] [0.001] SEED 1734754400215
test ShiftRegister Success: 60 tests passed in 69 cycles in 0.018424 seconds 3745.13 Hz
[info] [0.010] RAN 64 CYCLES PASSED
Starting tutorial EnableShiftRegister
[info] [0.000] Elaborating design...
[info] [0.018] Done elaborating.
Computed transform order in: 161.4 ms
Total FIRRTL Compile Time: 118.4 ms
file loaded in 0.002459726 seconds, 18 symbols, 14 statements
[info] [0.000] SEED 1734754400215
test EnableShiftRegister Success: 16 tests passed in 21 cycles in 0.003596 seconds 5839.74 Hz
[info] [0.003] RAN 16 CYCLES PASSED
Starting tutorial SimpleALU
[info] [0.000] Elaborating design...
[info] [0.009] Done elaborating.
Computed transform order in: 110.9 ms
Total FIRRTL Compile Time: 77.1 ms
file loaded in 0.004493678 seconds, 16 symbols, 11 statements
[info] [0.000] SEED 1734754400215
test SimpleALU Success: 64 tests passed in 69 cycles in 0.006966 seconds 9905.18 Hz
[info] [0.006] RAN 64 CYCLES PASSED
Starting tutorial Adder4
[info] [0.000] Elaborating design...
[info] [0.021] Done elaborating.
Computed transform order in: 144.1 ms
Total FIRRTL Compile Time: 132.3 ms
file loaded in 0.007878014 seconds, 53 symbols, 44 statements
[info] [0.000] SEED 1734754400215
test Adder4 Success: 8 tests passed in 9 cycles in 0.002140 seconds 4205.14 Hz
[info] [0.001] RAN 4 CYCLES PASSED
Starting tutorial HiLoMultiplier
[info] [0.000] Elaborating design...
[info] [0.005] Done elaborating.
Computed transform order in: 103.5 ms
Total FIRRTL Compile Time: 51.1 ms
file loaded in 0.003825758 seconds, 8 symbols, 4 statements
[info] [0.000] SEED 1734754400215
test HiLoMultiplier Success: 8 tests passed in 9 cycles in 0.001441 seconds 6244.35 Hz
[info] [0.001] RAN 4 CYCLES PASSED
Starting tutorial GCD
[info] [0.000] Elaborating design...
[info] [0.004] Done elaborating.
Computed transform order in: 146.9 ms
Total FIRRTL Compile Time: 64.2 ms
file loaded in 0.002678092 seconds, 21 symbols, 16 statements
[info] [0.000] SEED 1734754400215
test GCD Success: 3 tests passed in 29 cycles in 0.002947 seconds 9840.30 Hz
[info] [0.002] RAN 24 CYCLES PASSED
Starting tutorial Stack
[info] [0.000] Elaborating design...
[info] [0.009] Done elaborating.
Computed transform order in: 103.3 ms
Total FIRRTL Compile Time: 98.5 ms
file loaded in 0.020658469 seconds, 45 symbols, 37 statements
[info] [0.000] SEED 1734754400215
[info] [0.000] dataOut 0
[info] [0.001] dataOut 90
[info] [0.001] dataOut 33
[info] [0.001] dataOut 33
test Stack Success: 0 tests passed in 10 cycles in 0.002275 seconds 4395.45 Hz
[info] [0.001] RAN 5 CYCLES PASSED
Starting tutorial VecSearch
[info] [0.000] Elaborating design...
[info] [0.009] Done elaborating.
Computed transform order in: 140.6 ms
Total FIRRTL Compile Time: 60.5 ms
file loaded in 0.0017515 seconds, 13 symbols, 11 statements
[info] [0.000] SEED 1734754400215
test VecSearch Success: 7 tests passed in 12 cycles in 0.001766 seconds 6794.29 Hz
[info] [0.002] RAN 7 CYCLES PASSED
Starting tutorial Darken
[info] [0.000] Elaborating design...
[info] [0.004] Done elaborating.
Computed transform order in: 104.1 ms
Total FIRRTL Compile Time: 43.6 ms
file loaded in 0.001555789 seconds, 6 symbols, 3 statements
[info] [0.000] SEED 1734754400215
CREATING IMAGE OF LEN 30000
test Darken Success: 0 tests passed in 30006 cycles in 0.116786 seconds 256932.44 Hz
[info] [0.116] RAN 30001 CYCLES PASSED
Starting tutorial FullAdder
[info] [0.000] Elaborating design...
[info] [0.002] Done elaborating.
Computed transform order in: 152.4 ms
Total FIRRTL Compile Time: 45.4 ms
file loaded in 8.48049E-4 seconds, 13 symbols, 8 statements
[info] [0.000] SEED 1734754400215
test FullAdder Success: 8 tests passed in 9 cycles in 0.001849 seconds 4868.72 Hz
[info] [0.002] RAN 4 CYCLES PASSED
Starting tutorial Combinational
[info] [0.000] Elaborating design...
[info] [0.003] Done elaborating.
Computed transform order in: 100.3 ms
Total FIRRTL Compile Time: 35.4 ms
file loaded in 4.5934E-4 seconds, 7 symbols, 3 statements
[info] [0.000] SEED 1734754400215
test Combinational Success: 10 tests passed in 15 cycles in 0.001204 seconds 12463.19 Hz
[info] [0.001] RAN 10 CYCLES PASSED
Starting tutorial Life
[info] [0.000] Elaborating design...
[info] [0.195] Done elaborating.
Computed transform order in: 101.9 ms
Total FIRRTL Compile Time: 2473.7 ms
file loaded in 0.283413843 seconds, 7519 symbols, 7369 statements
[info] [0.000] SEED 1734754400215
    0 1 2 3 4 5 6 7 8 9 0 1[info] [0.179] 
 0                         [info] [0.180] 
 1                         [info] [0.181] 
 2                         [info] [0.181] 
 3        *   *            [info] [0.181] 
 4          * *            [info] [0.181] 
 5          *              [info] [0.181] 
 6                         [info] [0.181] 
 7                         [info] [0.181] 
 8                         [info] [0.181] 
 9                         [info] [0.182] 
10                         [info] [0.182] 
11                         [info] [0.182] 
[info] [0.182] 
[info] [0.184] Period: 0
    0 1 2 3 4 5 6 7 8 9 0 1[info] [0.184] 
 0                         [info] [0.185] 
 1                         [info] [0.185] 
 2                         [info] [0.185] 
 3            *            [info] [0.185] 
 4        *   *            [info] [0.186] 
 5          * *            [info] [0.186] 
 6                         [info] [0.186] 
 7                         [info] [0.186] 
 8                         [info] [0.186] 
 9                         [info] [0.186] 
10                         [info] [0.186] 
11                         [info] [0.186] 
[info] [0.186] 
[info] [0.187] Period: 1
    0 1 2 3 4 5 6 7 8 9 0 1[info] [0.187] 
 0                         [info] [0.189] 
 1                         [info] [0.189] 
 2                         [info] [0.189] 
 3          *              [info] [0.189] 
 4            * *          [info] [0.189] 
 5          * *            [info] [0.189] 
 6                         [info] [0.189] 
 7                         [info] [0.189] 
 8                         [info] [0.189] 
 9                         [info] [0.190] 
10                         [info] [0.190] 
11                         [info] [0.190] 
[info] [0.190] 
[info] [0.191] Period: 2
    0 1 2 3 4 5 6 7 8 9 0 1[info] [0.191] 
 0                         [info] [0.192] 
 1                         [info] [0.193] 
 2                         [info] [0.193] 
 3            *            [info] [0.193] 
 4              *          [info] [0.193] 
 5          * * *          [info] [0.193] 
 6                         [info] [0.193] 
 7                         [info] [0.193] 
 8                         [info] [0.193] 
 9                         [info] [0.194] 
10                         [info] [0.194] 
11                         [info] [0.194] 
[info] [0.194] 
[info] [0.195] Period: 3
    0 1 2 3 4 5 6 7 8 9 0 1[info] [0.195] 
 0                         [info] [0.197] 
 1                         [info] [0.197] 
 2                         [info] [0.197] 
 3                         [info] [0.197] 
 4          *   *          [info] [0.197] 
 5            * *          [info] [0.197] 
 6            *            [info] [0.198] 
 7                         [info] [0.198] 
 8                         [info] [0.198] 
 9                         [info] [0.198] 
10                         [info] [0.198] 
11                         [info] [0.198] 
[info] [0.198] 
[info] [0.199] Period: 4
    0 1 2 3 4 5 6 7 8 9 0 1[info] [0.199] 
 0                         [info] [0.201] 
 1                         [info] [0.201] 
 2                         [info] [0.201] 
 3                         [info] [0.201] 
 4              *          [info] [0.201] 
 5          *   *          [info] [0.201] 
 6            * *          [info] [0.201] 
 7                         [info] [0.201] 
 8                         [info] [0.201] 
 9                         [info] [0.202] 
10                         [info] [0.202] 
11                         [info] [0.202] 
[info] [0.202] 
[info] [0.203] Period: 5
    0 1 2 3 4 5 6 7 8 9 0 1[info] [0.203] 
 0                         [info] [0.204] 
 1                         [info] [0.204] 
 2                         [info] [0.204] 
 3                         [info] [0.204] 
 4            *            [info] [0.205] 
 5              * *        [info] [0.205] 
 6            * *          [info] [0.205] 
 7                         [info] [0.205] 
 8                         [info] [0.205] 
 9                         [info] [0.205] 
10                         [info] [0.205] 
11                         [info] [0.206] 
[info] [0.206] 
[info] [0.207] Period: 6
    0 1 2 3 4 5 6 7 8 9 0 1[info] [0.208] 
 0                         [info] [0.209] 
 1                         [info] [0.209] 
 2                         [info] [0.209] 
 3                         [info] [0.209] 
 4              *          [info] [0.209] 
 5                *        [info] [0.209] 
 6            * * *        [info] [0.209] 
 7                         [info] [0.209] 
 8                         [info] [0.209] 
 9                         [info] [0.210] 
10                         [info] [0.210] 
11                         [info] [0.210] 
[info] [0.210] 
[info] [0.211] Period: 7
    0 1 2 3 4 5 6 7 8 9 0 1[info] [0.211] 
 0                         [info] [0.213] 
 1                         [info] [0.213] 
 2                         [info] [0.213] 
 3                         [info] [0.213] 
 4                         [info] [0.213] 
 5            *   *        [info] [0.213] 
 6              * *        [info] [0.213] 
 7              *          [info] [0.214] 
 8                         [info] [0.214] 
 9                         [info] [0.214] 
10                         [info] [0.214] 
11                         [info] [0.214] 
[info] [0.214] 
[info] [0.215] Period: 8
    0 1 2 3 4 5 6 7 8 9 0 1[info] [0.215] 
 0                         [info] [0.217] 
 1                         [info] [0.217] 
 2                         [info] [0.217] 
 3                         [info] [0.217] 
 4                         [info] [0.217] 
 5                *        [info] [0.217] 
 6            *   *        [info] [0.217] 
 7              * *        [info] [0.217] 
 8                         [info] [0.217] 
 9                         [info] [0.218] 
10                         [info] [0.218] 
11                         [info] [0.218] 
[info] [0.218] 
[info] [0.219] Period: 9
    0 1 2 3 4 5 6 7 8 9 0 1[info] [0.219] 
 0                         [info] [0.220] 
 1                         [info] [0.220] 
 2                         [info] [0.220] 
 3                         [info] [0.220] 
 4                         [info] [0.221] 
 5              *          [info] [0.221] 
 6                * *      [info] [0.221] 
 7              * *        [info] [0.221] 
 8                         [info] [0.221] 
 9                         [info] [0.221] 
10                         [info] [0.221] 
11                         [info] [0.221] 
[info] [0.221] 
[info] [0.222] Period: 10
    0 1 2 3 4 5 6 7 8 9 0 1[info] [0.222] 
 0                         [info] [0.223] 
 1                         [info] [0.223] 
 2                         [info] [0.224] 
 3                         [info] [0.224] 
 4                         [info] [0.224] 
 5                *        [info] [0.224] 
 6                  *      [info] [0.224] 
 7              * * *      [info] [0.224] 
 8                         [info] [0.224] 
 9                         [info] [0.224] 
10                         [info] [0.224] 
11                         [info] [0.224] 
[info] [0.224] 
[info] [0.225] Period: 11
    0 1 2 3 4 5 6 7 8 9 0 1[info] [0.225] 
 0                         [info] [0.226] 
 1                         [info] [0.226] 
 2                         [info] [0.226] 
 3                         [info] [0.226] 
 4                         [info] [0.227] 
 5                         [info] [0.227] 
 6              *   *      [info] [0.227] 
 7                * *      [info] [0.227] 
 8                *        [info] [0.227] 
 9                         [info] [0.227] 
10                         [info] [0.227] 
11                         [info] [0.227] 
[info] [0.227] 
[info] [0.228] Period: 12
    0 1 2 3 4 5 6 7 8 9 0 1[info] [0.229] 
 0                         [info] [0.230] 
 1                         [info] [0.230] 
 2                         [info] [0.230] 
 3                         [info] [0.230] 
 4                         [info] [0.230] 
 5                         [info] [0.230] 
 6                  *      [info] [0.230] 
 7              *   *      [info] [0.230] 
 8                * *      [info] [0.230] 
 9                         [info] [0.231] 
10                         [info] [0.231] 
11                         [info] [0.231] 
[info] [0.231] 
[info] [0.232] Period: 13
    0 1 2 3 4 5 6 7 8 9 0 1[info] [0.232] 
 0                         [info] [0.233] 
 1                         [info] [0.233] 
 2                         [info] [0.233] 
 3                         [info] [0.233] 
 4                         [info] [0.233] 
 5                         [info] [0.233] 
 6                *        [info] [0.233] 
 7                  * *    [info] [0.233] 
 8                * *      [info] [0.234] 
 9                         [info] [0.234] 
10                         [info] [0.234] 
11                         [info] [0.234] 
[info] [0.234] 
[info] [0.235] Period: 14
    0 1 2 3 4 5 6 7 8 9 0 1[info] [0.235] 
 0                         [info] [0.236] 
 1                         [info] [0.236] 
 2                         [info] [0.236] 
 3                         [info] [0.236] 
 4                         [info] [0.237] 
 5                         [info] [0.237] 
 6                  *      [info] [0.237] 
 7                    *    [info] [0.237] 
 8                * * *    [info] [0.237] 
 9                         [info] [0.237] 
10                         [info] [0.237] 
11                         [info] [0.237] 
[info] [0.237] 
[info] [0.238] Period: 15
    0 1 2 3 4 5 6 7 8 9 0 1[info] [0.238] 
 0                         [info] [0.240] 
 1                         [info] [0.240] 
 2                         [info] [0.240] 
 3                         [info] [0.240] 
 4                         [info] [0.241] 
 5                         [info] [0.241] 
 6                         [info] [0.241] 
 7                *   *    [info] [0.241] 
 8                  * *    [info] [0.241] 
 9                  *      [info] [0.241] 
10                         [info] [0.241] 
11                         [info] [0.241] 
[info] [0.241] 
[info] [0.243] Period: 16
    0 1 2 3 4 5 6 7 8 9 0 1[info] [0.243] 
 0                         [info] [0.244] 
 1                         [info] [0.244] 
 2                         [info] [0.244] 
 3                         [info] [0.244] 
 4                         [info] [0.245] 
 5                         [info] [0.245] 
 6                         [info] [0.245] 
 7                    *    [info] [0.245] 
 8                *   *    [info] [0.245] 
 9                  * *    [info] [0.245] 
10                         [info] [0.245] 
11                         [info] [0.245] 
[info] [0.245] 
[info] [0.246] Period: 17
    0 1 2 3 4 5 6 7 8 9 0 1[info] [0.247] 
 0                         [info] [0.248] 
 1                         [info] [0.248] 
 2                         [info] [0.248] 
 3                         [info] [0.248] 
 4                         [info] [0.248] 
 5                         [info] [0.248] 
 6                         [info] [0.248] 
 7                  *      [info] [0.248] 
 8                    * *  [info] [0.249] 
 9                  * *    [info] [0.249] 
10                         [info] [0.249] 
11                         [info] [0.249] 
[info] [0.249] 
[info] [0.250] Period: 18
    0 1 2 3 4 5 6 7 8 9 0 1[info] [0.250] 
 0                         [info] [0.251] 
 1                         [info] [0.251] 
 2                         [info] [0.251] 
 3                         [info] [0.251] 
 4                         [info] [0.251] 
 5                         [info] [0.251] 
 6                         [info] [0.252] 
 7                    *    [info] [0.252] 
 8                      *  [info] [0.252] 
 9                  * * *  [info] [0.252] 
10                         [info] [0.252] 
11                         [info] [0.252] 
[info] [0.252] 
[info] [0.253] Period: 19
    0 1 2 3 4 5 6 7 8 9 0 1[info] [0.253] 
 0                         [info] [0.254] 
 1                         [info] [0.254] 
 2                         [info] [0.254] 
 3                         [info] [0.255] 
 4                         [info] [0.255] 
 5                         [info] [0.255] 
 6                         [info] [0.255] 
 7                         [info] [0.255] 
 8                  *   *  [info] [0.255] 
 9                    * *  [info] [0.255] 
10                    *    [info] [0.255] 
11                         [info] [0.255] 
[info] [0.255] 
[info] [0.256] Period: 20
    0 1 2 3 4 5 6 7 8 9 0 1[info] [0.257] 
 0                         [info] [0.258] 
 1                         [info] [0.258] 
 2                         [info] [0.258] 
 3                         [info] [0.258] 
 4                         [info] [0.258] 
 5                         [info] [0.258] 
 6                         [info] [0.258] 
 7                         [info] [0.258] 
 8                      *  [info] [0.259] 
 9                  *   *  [info] [0.259] 
10                    * *  [info] [0.259] 
11                         [info] [0.259] 
[info] [0.259] 
[info] [0.260] Period: 21
    0 1 2 3 4 5 6 7 8 9 0 1[info] [0.260] 
 0                         [info] [0.261] 
 1                         [info] [0.261] 
 2                         [info] [0.261] 
 3                         [info] [0.261] 
 4                         [info] [0.262] 
 5                         [info] [0.262] 
 6                         [info] [0.262] 
 7                         [info] [0.262] 
 8                    *    [info] [0.262] 
 9                      * *[info] [0.262] 
10                    * *  [info] [0.262] 
11                         [info] [0.262] 
[info] [0.262] 
[info] [0.263] Period: 22
    0 1 2 3 4 5 6 7 8 9 0 1[info] [0.263] 
 0                         [info] [0.264] 
 1                         [info] [0.264] 
 2                         [info] [0.264] 
 3                         [info] [0.264] 
 4                         [info] [0.264] 
 5                         [info] [0.264] 
 6                         [info] [0.264] 
 7                         [info] [0.264] 
 8                      *  [info] [0.265] 
 9                        *[info] [0.265] 
10                    * * *[info] [0.265] 
11                         [info] [0.265] 
[info] [0.265] 
[info] [0.266] Period: 23
    0 1 2 3 4 5 6 7 8 9 0 1[info] [0.266] 
 0                         [info] [0.268] 
 1                         [info] [0.268] 
 2                         [info] [0.268] 
 3                         [info] [0.268] 
 4                         [info] [0.268] 
 5                         [info] [0.268] 
 6                         [info] [0.268] 
 7                         [info] [0.269] 
 8                         [info] [0.269] 
 9                    *   *[info] [0.269] 
10                      * *[info] [0.269] 
11                      *  [info] [0.269] 
[info] [0.269] 
[info] [0.270] Period: 24
    0 1 2 3 4 5 6 7 8 9 0 1[info] [0.270] 
 0                         [info] [0.271] 
 1                         [info] [0.271] 
 2                         [info] [0.271] 
 3                         [info] [0.272] 
 4                         [info] [0.272] 
 5                         [info] [0.272] 
 6                         [info] [0.272] 
 7                         [info] [0.272] 
 8                         [info] [0.272] 
 9                        *[info] [0.272] 
10                    *   *[info] [0.272] 
11                      * *[info] [0.272] 
[info] [0.272] 
[info] [0.273] Period: 25
    0 1 2 3 4 5 6 7 8 9 0 1[info] [0.273] 
 0                         [info] [0.274] 
 1                         [info] [0.275] 
 2                         [info] [0.275] 
 3                         [info] [0.275] 
 4                         [info] [0.275] 
 5                         [info] [0.275] 
 6                         [info] [0.275] 
 7                         [info] [0.275] 
 8                         [info] [0.275] 
 9                      *  [info] [0.275] 
10  *                     *[info] [0.275] 
11                      * *[info] [0.276] 
[info] [0.276] 
[info] [0.277] Period: 26
    0 1 2 3 4 5 6 7 8 9 0 1[info] [0.277] 
 0                         [info] [0.278] 
 1                         [info] [0.278] 
 2                         [info] [0.278] 
 3                         [info] [0.278] 
 4                         [info] [0.278] 
 5                         [info] [0.278] 
 6                         [info] [0.278] 
 7                         [info] [0.278] 
 8                         [info] [0.278] 
 9                        *[info] [0.279] 
10  *                      [info] [0.279] 
11  *                   * *[info] [0.279] 
[info] [0.279] 
[info] [0.280] Period: 27
    0 1 2 3 4 5 6 7 8 9 0 1[info] [0.280] 
 0                        *[info] [0.282] 
 1                         [info] [0.282] 
 2                         [info] [0.282] 
 3                         [info] [0.282] 
 4                         [info] [0.282] 
 5                         [info] [0.282] 
 6                         [info] [0.282] 
 7                         [info] [0.283] 
 8                         [info] [0.283] 
 9                         [info] [0.283] 
10  *                   *  [info] [0.283] 
11  *                     *[info] [0.283] 
[info] [0.283] 
[info] [0.284] Period: 28
    0 1 2 3 4 5 6 7 8 9 0 1[info] [0.284] 
 0  *                     *[info] [0.286] 
 1                         [info] [0.286] 
 2                         [info] [0.286] 
 3                         [info] [0.286] 
 4                         [info] [0.287] 
 5                         [info] [0.287] 
 6                         [info] [0.287] 
 7                         [info] [0.287] 
 8                         [info] [0.287] 
 9                         [info] [0.287] 
10  *                      [info] [0.287] 
11  *                   *  [info] [0.287] 
[info] [0.287] 
[info] [0.288] Period: 29
    0 1 2 3 4 5 6 7 8 9 0 1[info] [0.288] 
 0  *                     *[info] [0.289] 
 1                         [info] [0.289] 
 2                         [info] [0.289] 
 3                         [info] [0.289] 
 4                         [info] [0.289] 
 5                         [info] [0.289] 
 6                         [info] [0.289] 
 7                         [info] [0.289] 
 8                         [info] [0.289] 
 9                         [info] [0.290] 
10                        *[info] [0.290] 
11  * *                    [info] [0.290] 
[info] [0.290] 
[info] [0.290] Period: 30
    0 1 2 3 4 5 6 7 8 9 0 1[info] [0.290] 
 0  * *                   *[info] [0.291] 
 1                         [info] [0.291] 
 2                         [info] [0.291] 
 3                         [info] [0.291] 
 4                         [info] [0.291] 
 5                         [info] [0.291] 
 6                         [info] [0.291] 
 7                         [info] [0.291] 
 8                         [info] [0.291] 
 9                         [info] [0.292] 
10  *                      [info] [0.292] 
11    *                    [info] [0.292] 
[info] [0.292] 
[info] [0.292] Period: 31
    0 1 2 3 4 5 6 7 8 9 0 1[info] [0.292] 
 0  * *                    [info] [0.293] 
 1  *                      [info] [0.293] 
 2                         [info] [0.293] 
 3                         [info] [0.293] 
 4                         [info] [0.293] 
 5                         [info] [0.294] 
 6                         [info] [0.294] 
 7                         [info] [0.294] 
 8                         [info] [0.294] 
 9                         [info] [0.294] 
10                         [info] [0.294] 
11    *                   *[info] [0.294] 
[info] [0.294] 
[info] [0.295] Period: 32
    0 1 2 3 4 5 6 7 8 9 0 1[info] [0.295] 
 0    *                   *[info] [0.296] 
 1  * *                    [info] [0.297] 
 2                         [info] [0.297] 
 3                         [info] [0.297] 
 4                         [info] [0.297] 
 5                         [info] [0.297] 
 6                         [info] [0.297] 
 7                         [info] [0.297] 
 8                         [info] [0.297] 
 9                         [info] [0.297] 
10                         [info] [0.297] 
11    *                    [info] [0.297] 
[info] [0.298] 
[info] [0.299] Period: 33
    0 1 2 3 4 5 6 7 8 9 0 1[info] [0.299] 
 0    * *                  [info] [0.300] 
 1  * *                    [info] [0.300] 
 2                         [info] [0.300] 
 3                         [info] [0.300] 
 4                         [info] [0.300] 
 5                         [info] [0.300] 
 6                         [info] [0.300] 
 7                         [info] [0.300] 
 8                         [info] [0.301] 
 9                         [info] [0.301] 
10                         [info] [0.301] 
11  *                      [info] [0.301] 
[info] [0.301] 
[info] [0.302] Period: 34
    0 1 2 3 4 5 6 7 8 9 0 1[info] [0.302] 
 0      *                  [info] [0.303] 
 1  * * *                  [info] [0.303] 
 2                         [info] [0.303] 
 3                         [info] [0.303] 
 4                         [info] [0.303] 
 5                         [info] [0.303] 
 6                         [info] [0.303] 
 7                         [info] [0.303] 
 8                         [info] [0.303] 
 9                         [info] [0.303] 
10                         [info] [0.303] 
11    *                    [info] [0.303] 
[info] [0.303] 
[info] [0.304] Period: 35
    0 1 2 3 4 5 6 7 8 9 0 1[info] [0.304] 
 0  *   *                  [info] [0.305] 
 1    * *                  [info] [0.305] 
 2    *                    [info] [0.305] 
 3                         [info] [0.305] 
 4                         [info] [0.305] 
 5                         [info] [0.305] 
 6                         [info] [0.305] 
 7                         [info] [0.305] 
 8                         [info] [0.305] 
 9                         [info] [0.306] 
10                         [info] [0.306] 
11                         [info] [0.306] 
[info] [0.306] 
[info] [0.307] Period: 36
    0 1 2 3 4 5 6 7 8 9 0 1[info] [0.307] 
 0      *                  [info] [0.308] 
 1  *   *                  [info] [0.308] 
 2    * *                  [info] [0.308] 
 3                         [info] [0.308] 
 4                         [info] [0.308] 
 5                         [info] [0.309] 
 6                         [info] [0.309] 
 7                         [info] [0.309] 
 8                         [info] [0.309] 
 9                         [info] [0.309] 
10                         [info] [0.309] 
11                         [info] [0.309] 
[info] [0.309] 
[info] [0.310] Period: 37
    0 1 2 3 4 5 6 7 8 9 0 1[info] [0.310] 
 0    *                    [info] [0.310] 
 1      * *                [info] [0.311] 
 2    * *                  [info] [0.311] 
 3                         [info] [0.311] 
 4                         [info] [0.311] 
 5                         [info] [0.311] 
 6                         [info] [0.311] 
 7                         [info] [0.311] 
 8                         [info] [0.311] 
 9                         [info] [0.311] 
10                         [info] [0.311] 
11                         [info] [0.311] 
[info] [0.311] 
[info] [0.312] Period: 38
    0 1 2 3 4 5 6 7 8 9 0 1[info] [0.312] 
 0      *                  [info] [0.312] 
 1        *                [info] [0.313] 
 2    * * *                [info] [0.313] 
 3                         [info] [0.313] 
 4                         [info] [0.313] 
 5                         [info] [0.313] 
 6                         [info] [0.313] 
 7                         [info] [0.313] 
 8                         [info] [0.313] 
 9                         [info] [0.313] 
10                         [info] [0.313] 
11                         [info] [0.313] 
[info] [0.313] 
[info] [0.314] Period: 39
    0 1 2 3 4 5 6 7 8 9 0 1[info] [0.314] 
 0                         [info] [0.314] 
 1    *   *                [info] [0.314] 
 2      * *                [info] [0.314] 
 3      *                  [info] [0.314] 
 4                         [info] [0.315] 
 5                         [info] [0.315] 
 6                         [info] [0.315] 
 7                         [info] [0.315] 
 8                         [info] [0.315] 
 9                         [info] [0.315] 
10                         [info] [0.315] 
11                         [info] [0.315] 
[info] [0.315] 
[info] [0.316] Period: 40
    0 1 2 3 4 5 6 7 8 9 0 1[info] [0.316] 
 0                         [info] [0.317] 
 1        *                [info] [0.317] 
 2    *   *                [info] [0.317] 
 3      * *                [info] [0.317] 
 4                         [info] [0.317] 
 5                         [info] [0.317] 
 6                         [info] [0.317] 
 7                         [info] [0.318] 
 8                         [info] [0.318] 
 9                         [info] [0.318] 
10                         [info] [0.318] 
11                         [info] [0.318] 
[info] [0.318] 
[info] [0.319] Period: 41
    0 1 2 3 4 5 6 7 8 9 0 1[info] [0.319] 
 0                         [info] [0.321] 
 1      *                  [info] [0.321] 
 2        * *              [info] [0.321] 
 3      * *                [info] [0.321] 
 4                         [info] [0.321] 
 5                         [info] [0.321] 
 6                         [info] [0.321] 
 7                         [info] [0.321] 
 8                         [info] [0.322] 
 9                         [info] [0.322] 
10                         [info] [0.322] 
11                         [info] [0.322] 
[info] [0.322] 
[info] [0.323] Period: 42
    0 1 2 3 4 5 6 7 8 9 0 1[info] [0.323] 
 0                         [info] [0.324] 
 1        *                [info] [0.324] 
 2          *              [info] [0.324] 
 3      * * *              [info] [0.324] 
 4                         [info] [0.324] 
 5                         [info] [0.324] 
 6                         [info] [0.324] 
 7                         [info] [0.325] 
 8                         [info] [0.325] 
 9                         [info] [0.325] 
10                         [info] [0.325] 
11                         [info] [0.325] 
[info] [0.325] 
[info] [0.325] Period: 43
    0 1 2 3 4 5 6 7 8 9 0 1[info] [0.325] 
 0                         [info] [0.326] 
 1                         [info] [0.326] 
 2      *   *              [info] [0.326] 
 3        * *              [info] [0.326] 
 4        *                [info] [0.326] 
 5                         [info] [0.326] 
 6                         [info] [0.326] 
 7                         [info] [0.326] 
 8                         [info] [0.326] 
 9                         [info] [0.326] 
10                         [info] [0.326] 
11                         [info] [0.326] 
[info] [0.326] 
[info] [0.327] Period: 44
    0 1 2 3 4 5 6 7 8 9 0 1[info] [0.327] 
 0                         [info] [0.328] 
 1                         [info] [0.328] 
 2          *              [info] [0.328] 
 3      *   *              [info] [0.328] 
 4        * *              [info] [0.328] 
 5                         [info] [0.328] 
 6                         [info] [0.328] 
 7                         [info] [0.328] 
 8                         [info] [0.329] 
 9                         [info] [0.329] 
10                         [info] [0.329] 
11                         [info] [0.329] 
[info] [0.329] 
[info] [0.330] Period: 45
    0 1 2 3 4 5 6 7 8 9 0 1[info] [0.330] 
 0                         [info] [0.331] 
 1                         [info] [0.331] 
 2        *                [info] [0.331] 
 3          * *            [info] [0.331] 
 4        * *              [info] [0.331] 
 5                         [info] [0.331] 
 6                         [info] [0.331] 
 7                         [info] [0.331] 
 8                         [info] [0.331] 
 9                         [info] [0.331] 
10                         [info] [0.331] 
11                         [info] [0.331] 
[info] [0.331] 
[info] [0.332] Period: 46
    0 1 2 3 4 5 6 7 8 9 0 1[info] [0.332] 
 0                         [info] [0.333] 
 1                         [info] [0.333] 
 2          *              [info] [0.333] 
 3            *            [info] [0.333] 
 4        * * *            [info] [0.333] 
 5                         [info] [0.333] 
 6                         [info] [0.334] 
 7                         [info] [0.334] 
 8                         [info] [0.334] 
 9                         [info] [0.334] 
10                         [info] [0.334] 
11                         [info] [0.334] 
[info] [0.334] 
[info] [0.334] Period: 47
    0 1 2 3 4 5 6 7 8 9 0 1[info] [0.334] 
 0                         [info] [0.335] 
 1                         [info] [0.335] 
 2                         [info] [0.335] 
 3        *   *            [info] [0.335] 
 4          * *            [info] [0.335] 
 5          *              [info] [0.335] 
 6                         [info] [0.335] 
 7                         [info] [0.335] 
 8                         [info] [0.335] 
 9                         [info] [0.336] 
10                         [info] [0.336] 
11                         [info] [0.336] 
[info] [0.336] 
[info] [0.336] Period: 48
    0 1 2 3 4 5 6 7 8 9 0 1[info] [0.336] 
 0                         [info] [0.336] 
 1                         [info] [0.337] 
 2                         [info] [0.337] 
 3            *            [info] [0.337] 
 4        *   *            [info] [0.337] 
 5          * *            [info] [0.337] 
 6                         [info] [0.337] 
 7                         [info] [0.337] 
 8                         [info] [0.337] 
 9                         [info] [0.337] 
10                         [info] [0.337] 
11                         [info] [0.337] 
[info] [0.337] 
[info] [0.338] Period: 49
    0 1 2 3 4 5 6 7 8 9 0 1[info] [0.338] 
 0                         [info] [0.339] 
 1                         [info] [0.339] 
 2                         [info] [0.339] 
 3          *              [info] [0.339] 
 4            * *          [info] [0.339] 
 5          * *            [info] [0.339] 
 6                         [info] [0.339] 
 7                         [info] [0.339] 
 8                         [info] [0.339] 
 9                         [info] [0.339] 
10                         [info] [0.339] 
11                         [info] [0.339] 
[info] [0.339] 
[info] [0.340] Period: 50
    0 1 2 3 4 5 6 7 8 9 0 1[info] [0.340] 
 0                         [info] [0.340] 
 1                         [info] [0.340] 
 2                         [info] [0.340] 
 3            *            [info] [0.340] 
 4              *          [info] [0.340] 
 5          * * *          [info] [0.340] 
 6                         [info] [0.340] 
 7                         [info] [0.340] 
 8                         [info] [0.340] 
 9                         [info] [0.341] 
10                         [info] [0.341] 
11                         [info] [0.341] 
[info] [0.341] 
[info] [0.341] Period: 51
    0 1 2 3 4 5 6 7 8 9 0 1[info] [0.341] 
 0                         [info] [0.341] 
 1                         [info] [0.342] 
 2                         [info] [0.342] 
 3                         [info] [0.342] 
 4          *   *          [info] [0.342] 
 5            * *          [info] [0.342] 
 6            *            [info] [0.342] 
 7                         [info] [0.342] 
 8                         [info] [0.342] 
 9                         [info] [0.342] 
10                         [info] [0.342] 
11                         [info] [0.342] 
[info] [0.342] 
[info] [0.343] Period: 52
    0 1 2 3 4 5 6 7 8 9 0 1[info] [0.343] 
 0                         [info] [0.343] 
 1                         [info] [0.343] 
 2                         [info] [0.343] 
 3                         [info] [0.343] 
 4              *          [info] [0.343] 
 5          *   *          [info] [0.344] 
 6            * *          [info] [0.344] 
 7                         [info] [0.344] 
 8                         [info] [0.344] 
 9                         [info] [0.344] 
10                         [info] [0.344] 
11                         [info] [0.344] 
[info] [0.344] 
[info] [0.344] Period: 53
    0 1 2 3 4 5 6 7 8 9 0 1[info] [0.344] 
 0                         [info] [0.345] 
 1                         [info] [0.345] 
 2                         [info] [0.345] 
 3                         [info] [0.345] 
 4            *            [info] [0.345] 
 5              * *        [info] [0.345] 
 6            * *          [info] [0.345] 
 7                         [info] [0.345] 
 8                         [info] [0.346] 
 9                         [info] [0.346] 
10                         [info] [0.346] 
11                         [info] [0.346] 
[info] [0.346] 
[info] [0.346] Period: 54
    0 1 2 3 4 5 6 7 8 9 0 1[info] [0.346] 
 0                         [info] [0.347] 
 1                         [info] [0.347] 
 2                         [info] [0.347] 
 3                         [info] [0.347] 
 4              *          [info] [0.347] 
 5                *        [info] [0.347] 
 6            * * *        [info] [0.347] 
 7                         [info] [0.347] 
 8                         [info] [0.347] 
 9                         [info] [0.347] 
10                         [info] [0.347] 
11                         [info] [0.347] 
[info] [0.347] 
[info] [0.348] Period: 55
    0 1 2 3 4 5 6 7 8 9 0 1[info] [0.348] 
 0                         [info] [0.349] 
 1                         [info] [0.349] 
 2                         [info] [0.349] 
 3                         [info] [0.349] 
 4                         [info] [0.349] 
 5            *   *        [info] [0.349] 
 6              * *        [info] [0.349] 
 7              *          [info] [0.349] 
 8                         [info] [0.349] 
 9                         [info] [0.349] 
10                         [info] [0.349] 
11                         [info] [0.349] 
[info] [0.349] 
[info] [0.350] Period: 56
    0 1 2 3 4 5 6 7 8 9 0 1[info] [0.350] 
 0                         [info] [0.350] 
 1                         [info] [0.350] 
 2                         [info] [0.350] 
 3                         [info] [0.351] 
 4                         [info] [0.351] 
 5                *        [info] [0.351] 
 6            *   *        [info] [0.351] 
 7              * *        [info] [0.351] 
 8                         [info] [0.351] 
 9                         [info] [0.351] 
10                         [info] [0.351] 
11                         [info] [0.351] 
[info] [0.351] 
[info] [0.351] Period: 57
    0 1 2 3 4 5 6 7 8 9 0 1[info] [0.351] 
 0                         [info] [0.352] 
 1                         [info] [0.352] 
 2                         [info] [0.352] 
 3                         [info] [0.352] 
 4                         [info] [0.352] 
 5              *          [info] [0.352] 
 6                * *      [info] [0.352] 
 7              * *        [info] [0.352] 
 8                         [info] [0.352] 
 9                         [info] [0.352] 
10                         [info] [0.353] 
11                         [info] [0.353] 
[info] [0.353] 
[info] [0.353] Period: 58
    0 1 2 3 4 5 6 7 8 9 0 1[info] [0.353] 
 0                         [info] [0.354] 
 1                         [info] [0.354] 
 2                         [info] [0.354] 
 3                         [info] [0.354] 
 4                         [info] [0.354] 
 5                *        [info] [0.354] 
 6                  *      [info] [0.354] 
 7              * * *      [info] [0.354] 
 8                         [info] [0.354] 
 9                         [info] [0.354] 
10                         [info] [0.354] 
11                         [info] [0.354] 
[info] [0.354] 
[info] [0.355] Period: 59
    0 1 2 3 4 5 6 7 8 9 0 1[info] [0.355] 
 0                         [info] [0.355] 
 1                         [info] [0.355] 
 2                         [info] [0.355] 
 3                         [info] [0.355] 
 4                         [info] [0.355] 
 5                         [info] [0.356] 
 6              *   *      [info] [0.356] 
 7                * *      [info] [0.356] 
 8                *        [info] [0.356] 
 9                         [info] [0.356] 
10                         [info] [0.356] 
11                         [info] [0.356] 
[info] [0.356] 
[info] [0.356] Period: 60
    0 1 2 3 4 5 6 7 8 9 0 1[info] [0.356] 
 0                         [info] [0.357] 
 1                         [info] [0.357] 
 2                         [info] [0.357] 
 3                         [info] [0.357] 
 4                         [info] [0.357] 
 5                         [info] [0.357] 
 6                  *      [info] [0.357] 
 7              *   *      [info] [0.357] 
 8                * *      [info] [0.357] 
 9                         [info] [0.358] 
10                         [info] [0.358] 
11                         [info] [0.358] 
[info] [0.358] 
[info] [0.358] Period: 61
    0 1 2 3 4 5 6 7 8 9 0 1[info] [0.358] 
 0                         [info] [0.359] 
 1                         [info] [0.359] 
 2                         [info] [0.359] 
 3                         [info] [0.359] 
 4                         [info] [0.359] 
 5                         [info] [0.359] 
 6                *        [info] [0.359] 
 7                  * *    [info] [0.359] 
 8                * *      [info] [0.359] 
 9                         [info] [0.359] 
10                         [info] [0.359] 
11                         [info] [0.359] 
[info] [0.359] 
[info] [0.360] Period: 62
    0 1 2 3 4 5 6 7 8 9 0 1[info] [0.360] 
 0                         [info] [0.361] 
 1                         [info] [0.361] 
 2                         [info] [0.361] 
 3                         [info] [0.361] 
 4                         [info] [0.361] 
 5                         [info] [0.361] 
 6                  *      [info] [0.361] 
 7                    *    [info] [0.361] 
 8                * * *    [info] [0.361] 
 9                         [info] [0.361] 
10                         [info] [0.361] 
11                         [info] [0.362] 
[info] [0.362] 
[info] [0.363] Period: 63
    0 1 2 3 4 5 6 7 8 9 0 1[info] [0.363] 
 0                         [info] [0.364] 
 1                         [info] [0.364] 
 2                         [info] [0.364] 
 3                         [info] [0.364] 
 4                         [info] [0.364] 
 5                         [info] [0.364] 
 6                         [info] [0.364] 
 7                *   *    [info] [0.365] 
 8                  * *    [info] [0.365] 
 9                  *      [info] [0.365] 
10                         [info] [0.365] 
11                         [info] [0.365] 
[info] [0.365] 
[info] [0.366] Period: 64
    0 1 2 3 4 5 6 7 8 9 0 1[info] [0.366] 
 0                         [info] [0.366] 
 1                         [info] [0.366] 
 2                         [info] [0.366] 
 3                         [info] [0.366] 
 4                         [info] [0.366] 
 5                         [info] [0.366] 
 6                         [info] [0.367] 
 7                    *    [info] [0.367] 
 8                *   *    [info] [0.367] 
 9                  * *    [info] [0.367] 
10                         [info] [0.367] 
11                         [info] [0.367] 
[info] [0.367] 
[info] [0.367] Period: 65
    0 1 2 3 4 5 6 7 8 9 0 1[info] [0.367] 
 0                         [info] [0.368] 
 1                         [info] [0.368] 
 2                         [info] [0.368] 
 3                         [info] [0.368] 
 4                         [info] [0.368] 
 5                         [info] [0.368] 
 6                         [info] [0.368] 
 7                  *      [info] [0.368] 
 8                    * *  [info] [0.368] 
 9                  * *    [info] [0.368] 
10                         [info] [0.369] 
11                         [info] [0.369] 
[info] [0.369] 
[info] [0.369] Period: 66
    0 1 2 3 4 5 6 7 8 9 0 1[info] [0.369] 
 0                         [info] [0.370] 
 1                         [info] [0.370] 
 2                         [info] [0.370] 
 3                         [info] [0.370] 
 4                         [info] [0.370] 
 5                         [info] [0.370] 
 6                         [info] [0.370] 
 7                    *    [info] [0.370] 
 8                      *  [info] [0.370] 
 9                  * * *  [info] [0.370] 
10                         [info] [0.370] 
11                         [info] [0.370] 
[info] [0.370] 
[info] [0.371] Period: 67
    0 1 2 3 4 5 6 7 8 9 0 1[info] [0.371] 
 0                         [info] [0.371] 
 1                         [info] [0.371] 
 2                         [info] [0.372] 
 3                         [info] [0.372] 
 4                         [info] [0.372] 
 5                         [info] [0.372] 
 6                         [info] [0.372] 
 7                         [info] [0.372] 
 8                  *   *  [info] [0.372] 
 9                    * *  [info] [0.372] 
10                    *    [info] [0.372] 
11                         [info] [0.372] 
[info] [0.372] 
[info] [0.372] Period: 68
    0 1 2 3 4 5 6 7 8 9 0 1[info] [0.373] 
 0                         [info] [0.373] 
 1                         [info] [0.373] 
 2                         [info] [0.373] 
 3                         [info] [0.373] 
 4                         [info] [0.373] 
 5                         [info] [0.373] 
 6                         [info] [0.373] 
 7                         [info] [0.373] 
 8                      *  [info] [0.373] 
 9                  *   *  [info] [0.374] 
10                    * *  [info] [0.374] 
11                         [info] [0.374] 
[info] [0.374] 
[info] [0.374] Period: 69
    0 1 2 3 4 5 6 7 8 9 0 1[info] [0.374] 
 0                         [info] [0.374] 
 1                         [info] [0.375] 
 2                         [info] [0.375] 
 3                         [info] [0.375] 
 4                         [info] [0.375] 
 5                         [info] [0.375] 
 6                         [info] [0.375] 
 7                         [info] [0.375] 
 8                    *    [info] [0.375] 
 9                      * *[info] [0.375] 
10                    * *  [info] [0.375] 
11                         [info] [0.375] 
[info] [0.375] 
[info] [0.376] Period: 70
    0 1 2 3 4 5 6 7 8 9 0 1[info] [0.376] 
 0                         [info] [0.376] 
 1                         [info] [0.376] 
 2                         [info] [0.376] 
 3                         [info] [0.376] 
 4                         [info] [0.376] 
 5                         [info] [0.376] 
 6                         [info] [0.376] 
 7                         [info] [0.376] 
 8                      *  [info] [0.376] 
 9                        *[info] [0.376] 
10                    * * *[info] [0.377] 
11                         [info] [0.377] 
[info] [0.377] 
[info] [0.377] Period: 71
    0 1 2 3 4 5 6 7 8 9 0 1[info] [0.377] 
 0                         [info] [0.377] 
 1                         [info] [0.377] 
 2                         [info] [0.377] 
 3                         [info] [0.377] 
 4                         [info] [0.378] 
 5                         [info] [0.378] 
 6                         [info] [0.378] 
 7                         [info] [0.378] 
 8                         [info] [0.378] 
 9                    *   *[info] [0.378] 
10                      * *[info] [0.378] 
11                      *  [info] [0.378] 
[info] [0.378] 
[info] [0.378] Period: 72
    0 1 2 3 4 5 6 7 8 9 0 1[info] [0.378] 
 0                         [info] [0.379] 
 1                         [info] [0.379] 
 2                         [info] [0.379] 
 3                         [info] [0.379] 
 4                         [info] [0.379] 
 5                         [info] [0.379] 
 6                         [info] [0.379] 
 7                         [info] [0.379] 
 8                         [info] [0.379] 
 9                        *[info] [0.379] 
10                    *   *[info] [0.379] 
11                      * *[info] [0.379] 
[info] [0.379] 
[info] [0.380] Period: 73
    0 1 2 3 4 5 6 7 8 9 0 1[info] [0.380] 
 0                         [info] [0.380] 
 1                         [info] [0.380] 
 2                         [info] [0.380] 
 3                         [info] [0.380] 
 4                         [info] [0.380] 
 5                         [info] [0.380] 
 6                         [info] [0.380] 
 7                         [info] [0.380] 
 8                         [info] [0.380] 
 9                      *  [info] [0.381] 
10  *                     *[info] [0.381] 
11                      * *[info] [0.381] 
[info] [0.381] 
[info] [0.381] Period: 74
    0 1 2 3 4 5 6 7 8 9 0 1[info] [0.381] 
 0                         [info] [0.381] 
 1                         [info] [0.381] 
 2                         [info] [0.382] 
 3                         [info] [0.382] 
 4                         [info] [0.382] 
 5                         [info] [0.382] 
 6                         [info] [0.382] 
 7                         [info] [0.382] 
 8                         [info] [0.382] 
 9                        *[info] [0.382] 
10  *                      [info] [0.382] 
11  *                   * *[info] [0.382] 
[info] [0.382] 
[info] [0.382] Period: 75
    0 1 2 3 4 5 6 7 8 9 0 1[info] [0.382] 
 0                        *[info] [0.383] 
 1                         [info] [0.383] 
 2                         [info] [0.383] 
 3                         [info] [0.383] 
 4                         [info] [0.383] 
 5                         [info] [0.383] 
 6                         [info] [0.383] 
 7                         [info] [0.383] 
 8                         [info] [0.383] 
 9                         [info] [0.383] 
10  *                   *  [info] [0.383] 
11  *                     *[info] [0.383] 
[info] [0.383] 
[info] [0.384] Period: 76
    0 1 2 3 4 5 6 7 8 9 0 1[info] [0.384] 
 0  *                     *[info] [0.384] 
 1                         [info] [0.384] 
 2                         [info] [0.384] 
 3                         [info] [0.384] 
 4                         [info] [0.384] 
 5                         [info] [0.384] 
 6                         [info] [0.385] 
 7                         [info] [0.385] 
 8                         [info] [0.385] 
 9                         [info] [0.385] 
10  *                      [info] [0.385] 
11  *                   *  [info] [0.385] 
[info] [0.385] 
[info] [0.385] Period: 77
    0 1 2 3 4 5 6 7 8 9 0 1[info] [0.385] 
 0  *                     *[info] [0.386] 
 1                         [info] [0.386] 
 2                         [info] [0.386] 
 3                         [info] [0.386] 
 4                         [info] [0.386] 
 5                         [info] [0.386] 
 6                         [info] [0.386] 
 7                         [info] [0.386] 
 8                         [info] [0.386] 
 9                         [info] [0.386] 
10                        *[info] [0.386] 
11  * *                    [info] [0.386] 
[info] [0.386] 
[info] [0.387] Period: 78
    0 1 2 3 4 5 6 7 8 9 0 1[info] [0.387] 
 0  * *                   *[info] [0.387] 
 1                         [info] [0.387] 
 2                         [info] [0.387] 
 3                         [info] [0.387] 
 4                         [info] [0.387] 
 5                         [info] [0.387] 
 6                         [info] [0.387] 
 7                         [info] [0.387] 
 8                         [info] [0.387] 
 9                         [info] [0.387] 
10  *                      [info] [0.387] 
11    *                    [info] [0.388] 
[info] [0.388] 
[info] [0.388] Period: 79
    0 1 2 3 4 5 6 7 8 9 0 1[info] [0.388] 
 0  * *                    [info] [0.388] 
 1  *                      [info] [0.388] 
 2                         [info] [0.388] 
 3                         [info] [0.389] 
 4                         [info] [0.389] 
 5                         [info] [0.389] 
 6                         [info] [0.389] 
 7                         [info] [0.389] 
 8                         [info] [0.389] 
 9                         [info] [0.389] 
10                         [info] [0.389] 
11    *                   *[info] [0.389] 
[info] [0.389] 
[info] [0.389] Period: 80
    0 1 2 3 4 5 6 7 8 9 0 1[info] [0.389] 
 0    *                   *[info] [0.390] 
 1  * *                    [info] [0.390] 
 2                         [info] [0.390] 
 3                         [info] [0.390] 
 4                         [info] [0.390] 
 5                         [info] [0.390] 
 6                         [info] [0.390] 
 7                         [info] [0.390] 
 8                         [info] [0.390] 
 9                         [info] [0.390] 
10                         [info] [0.390] 
11    *                    [info] [0.390] 
[info] [0.390] 
[info] [0.391] Period: 81
    0 1 2 3 4 5 6 7 8 9 0 1[info] [0.391] 
 0    * *                  [info] [0.391] 
 1  * *                    [info] [0.391] 
 2                         [info] [0.391] 
 3                         [info] [0.391] 
 4                         [info] [0.391] 
 5                         [info] [0.392] 
 6                         [info] [0.392] 
 7                         [info] [0.392] 
 8                         [info] [0.392] 
 9                         [info] [0.392] 
10                         [info] [0.392] 
11  *                      [info] [0.392] 
[info] [0.392] 
[info] [0.392] Period: 82
    0 1 2 3 4 5 6 7 8 9 0 1[info] [0.393] 
 0      *                  [info] [0.393] 
 1  * * *                  [info] [0.393] 
 2                         [info] [0.393] 
 3                         [info] [0.393] 
 4                         [info] [0.393] 
 5                         [info] [0.393] 
 6                         [info] [0.394] 
 7                         [info] [0.394] 
 8                         [info] [0.394] 
 9                         [info] [0.394] 
10                         [info] [0.394] 
11    *                    [info] [0.394] 
[info] [0.394] 
[info] [0.395] Period: 83
    0 1 2 3 4 5 6 7 8 9 0 1[info] [0.395] 
 0  *   *                  [info] [0.396] 
 1    * *                  [info] [0.396] 
 2    *                    [info] [0.396] 
 3                         [info] [0.396] 
 4                         [info] [0.396] 
 5                         [info] [0.396] 
 6                         [info] [0.396] 
 7                         [info] [0.396] 
 8                         [info] [0.396] 
 9                         [info] [0.396] 
10                         [info] [0.396] 
11                         [info] [0.396] 
[info] [0.396] 
[info] [0.397] Period: 84
    0 1 2 3 4 5 6 7 8 9 0 1[info] [0.397] 
 0      *                  [info] [0.397] 
 1  *   *                  [info] [0.397] 
 2    * *                  [info] [0.397] 
 3                         [info] [0.397] 
 4                         [info] [0.397] 
 5                         [info] [0.397] 
 6                         [info] [0.398] 
 7                         [info] [0.398] 
 8                         [info] [0.398] 
 9                         [info] [0.398] 
10                         [info] [0.398] 
11                         [info] [0.398] 
[info] [0.398] 
[info] [0.398] Period: 85
    0 1 2 3 4 5 6 7 8 9 0 1[info] [0.398] 
 0    *                    [info] [0.399] 
 1      * *                [info] [0.399] 
 2    * *                  [info] [0.399] 
 3                         [info] [0.399] 
 4                         [info] [0.399] 
 5                         [info] [0.399] 
 6                         [info] [0.399] 
 7                         [info] [0.399] 
 8                         [info] [0.399] 
 9                         [info] [0.399] 
10                         [info] [0.399] 
11                         [info] [0.399] 
[info] [0.399] 
[info] [0.400] Period: 86
    0 1 2 3 4 5 6 7 8 9 0 1[info] [0.400] 
 0      *                  [info] [0.400] 
 1        *                [info] [0.400] 
 2    * * *                [info] [0.400] 
 3                         [info] [0.400] 
 4                         [info] [0.400] 
 5                         [info] [0.400] 
 6                         [info] [0.400] 
 7                         [info] [0.400] 
 8                         [info] [0.400] 
 9                         [info] [0.401] 
10                         [info] [0.401] 
11                         [info] [0.401] 
[info] [0.401] 
[info] [0.401] Period: 87
    0 1 2 3 4 5 6 7 8 9 0 1[info] [0.401] 
 0                         [info] [0.402] 
 1    *   *                [info] [0.402] 
 2      * *                [info] [0.402] 
 3      *                  [info] [0.402] 
 4                         [info] [0.402] 
 5                         [info] [0.402] 
 6                         [info] [0.402] 
 7                         [info] [0.402] 
 8                         [info] [0.402] 
 9                         [info] [0.402] 
10                         [info] [0.402] 
11                         [info] [0.402] 
[info] [0.402] 
[info] [0.402] Period: 88
    0 1 2 3 4 5 6 7 8 9 0 1[info] [0.402] 
 0                         [info] [0.403] 
 1        *                [info] [0.403] 
 2    *   *                [info] [0.403] 
 3      * *                [info] [0.403] 
 4                         [info] [0.403] 
 5                         [info] [0.403] 
 6                         [info] [0.403] 
 7                         [info] [0.403] 
 8                         [info] [0.403] 
 9                         [info] [0.403] 
10                         [info] [0.403] 
11                         [info] [0.403] 
[info] [0.403] 
[info] [0.404] Period: 89
    0 1 2 3 4 5 6 7 8 9 0 1[info] [0.404] 
 0                         [info] [0.404] 
 1      *                  [info] [0.404] 
 2        * *              [info] [0.404] 
 3      * *                [info] [0.404] 
 4                         [info] [0.405] 
 5                         [info] [0.405] 
 6                         [info] [0.405] 
 7                         [info] [0.405] 
 8                         [info] [0.405] 
 9                         [info] [0.405] 
10                         [info] [0.405] 
11                         [info] [0.405] 
[info] [0.405] 
[info] [0.405] Period: 90
    0 1 2 3 4 5 6 7 8 9 0 1[info] [0.405] 
 0                         [info] [0.406] 
 1        *                [info] [0.406] 
 2          *              [info] [0.406] 
 3      * * *              [info] [0.406] 
 4                         [info] [0.406] 
 5                         [info] [0.406] 
 6                         [info] [0.406] 
 7                         [info] [0.406] 
 8                         [info] [0.406] 
 9                         [info] [0.406] 
10                         [info] [0.406] 
11                         [info] [0.406] 
[info] [0.406] 
[info] [0.407] Period: 91
    0 1 2 3 4 5 6 7 8 9 0 1[info] [0.407] 
 0                         [info] [0.407] 
 1                         [info] [0.407] 
 2      *   *              [info] [0.407] 
 3        * *              [info] [0.407] 
 4        *                [info] [0.407] 
 5                         [info] [0.407] 
 6                         [info] [0.407] 
 7                         [info] [0.408] 
 8                         [info] [0.408] 
 9                         [info] [0.408] 
10                         [info] [0.408] 
11                         [info] [0.408] 
[info] [0.408] 
[info] [0.408] Period: 92
    0 1 2 3 4 5 6 7 8 9 0 1[info] [0.408] 
 0                         [info] [0.408] 
 1                         [info] [0.409] 
 2          *              [info] [0.409] 
 3      *   *              [info] [0.409] 
 4        * *              [info] [0.409] 
 5                         [info] [0.409] 
 6                         [info] [0.409] 
 7                         [info] [0.409] 
 8                         [info] [0.409] 
 9                         [info] [0.409] 
10                         [info] [0.409] 
11                         [info] [0.409] 
[info] [0.409] 
[info] [0.409] Period: 93
    0 1 2 3 4 5 6 7 8 9 0 1[info] [0.410] 
 0                         [info] [0.410] 
 1                         [info] [0.410] 
 2        *                [info] [0.410] 
 3          * *            [info] [0.410] 
 4        * *              [info] [0.410] 
 5                         [info] [0.410] 
 6                         [info] [0.410] 
 7                         [info] [0.410] 
 8                         [info] [0.410] 
 9                         [info] [0.410] 
10                         [info] [0.411] 
11                         [info] [0.411] 
[info] [0.411] 
[info] [0.411] Period: 94
    0 1 2 3 4 5 6 7 8 9 0 1[info] [0.411] 
 0                         [info] [0.412] 
 1                         [info] [0.412] 
 2          *              [info] [0.412] 
 3            *            [info] [0.412] 
 4        * * *            [info] [0.412] 
 5                         [info] [0.412] 
 6                         [info] [0.412] 
 7                         [info] [0.412] 
 8                         [info] [0.412] 
 9                         [info] [0.413] 
10                         [info] [0.413] 
11                         [info] [0.413] 
[info] [0.413] 
[info] [0.413] Period: 95
    0 1 2 3 4 5 6 7 8 9 0 1[info] [0.413] 
 0                         [info] [0.414] 
 1                         [info] [0.414] 
 2                         [info] [0.414] 
 3        *   *            [info] [0.414] 
 4          * *            [info] [0.414] 
 5          *              [info] [0.414] 
 6                         [info] [0.414] 
 7                         [info] [0.415] 
 8                         [info] [0.415] 
 9                         [info] [0.415] 
10                         [info] [0.415] 
11                         [info] [0.415] 
[info] [0.415] 
[info] [0.415] Period: 96
    0 1 2 3 4 5 6 7 8 9 0 1[info] [0.416] 
 0                         [info] [0.416] 
 1                         [info] [0.416] 
 2                         [info] [0.416] 
 3            *            [info] [0.416] 
 4        *   *            [info] [0.416] 
 5          * *            [info] [0.416] 
 6                         [info] [0.416] 
 7                         [info] [0.417] 
 8                         [info] [0.417] 
 9                         [info] [0.417] 
10                         [info] [0.417] 
11                         [info] [0.417] 
[info] [0.417] 
[info] [0.418] Period: 97
    0 1 2 3 4 5 6 7 8 9 0 1[info] [0.418] 
 0                         [info] [0.418] 
 1                         [info] [0.419] 
 2                         [info] [0.419] 
 3          *              [info] [0.419] 
 4            * *          [info] [0.419] 
 5          * *            [info] [0.419] 
 6                         [info] [0.419] 
 7                         [info] [0.419] 
 8                         [info] [0.419] 
 9                         [info] [0.419] 
10                         [info] [0.419] 
11                         [info] [0.419] 
[info] [0.419] 
[info] [0.420] Period: 98
    0 1 2 3 4 5 6 7 8 9 0 1[info] [0.420] 
 0                         [info] [0.421] 
 1                         [info] [0.421] 
 2                         [info] [0.421] 
 3            *            [info] [0.421] 
 4              *          [info] [0.421] 
 5          * * *          [info] [0.421] 
 6                         [info] [0.421] 
 7                         [info] [0.421] 
 8                         [info] [0.421] 
 9                         [info] [0.421] 
10                         [info] [0.421] 
11                         [info] [0.421] 
[info] [0.421] 
[info] [0.422] Period: 99
    0 1 2 3 4 5 6 7 8 9 0 1[info] [0.422] 
 0                         [info] [0.423] 
 1                         [info] [0.423] 
 2                         [info] [0.423] 
 3                         [info] [0.423] 
 4          *   *          [info] [0.423] 
 5            * *          [info] [0.423] 
 6            *            [info] [0.423] 
 7                         [info] [0.423] 
 8                         [info] [0.424] 
 9                         [info] [0.424] 
10                         [info] [0.424] 
11                         [info] [0.424] 
[info] [0.424] 
test Life Success: 0 tests passed in 256 cycles in 0.450469 seconds 568.30 Hz
[info] [0.425] RAN 251 CYCLES PASSED
Starting tutorial Parity
[info] [0.000] Elaborating design...
[info] [0.021] Done elaborating.
Computed transform order in: 116.4 ms
Total FIRRTL Compile Time: 46.6 ms
file loaded in 0.002324903 seconds, 9 symbols, 6 statements
[info] [0.000] SEED 1734754400215
test Parity Success: 10 tests passed in 15 cycles in 0.001603 seconds 9356.56 Hz
[info] [0.001] RAN 10 CYCLES PASSED
Starting tutorial Risc
[info] [0.000] Elaborating design...
[info] [0.009] Done elaborating.
Computed transform order in: 159.9 ms
Total FIRRTL Compile Time: 117.3 ms
file loaded in 0.008276173 seconds, 85 symbols, 72 statements
[info] [0.000] SEED 1734754400215
test Risc Success: 1 tests passed in 14 cycles in 0.003908 seconds 3582.72 Hz
[info] [0.003] RAN 9 CYCLES PASSED
Starting tutorial ResetShiftRegister
[info] [0.000] Elaborating design...
[info] [0.005] Done elaborating.
Computed transform order in: 123.5 ms
Total FIRRTL Compile Time: 44.5 ms
file loaded in 0.001951448 seconds, 18 symbols, 14 statements
[info] [0.000] SEED 1734754400215
test ResetShiftRegister Success: 16 tests passed in 21 cycles in 0.002442 seconds 8599.99 Hz
[info] [0.002] RAN 16 CYCLES PASSED
Starting tutorial LogShifter
[info] [0.000] Elaborating design...
[info] [0.007] Done elaborating.
Computed transform order in: 182.2 ms
Total FIRRTL Compile Time: 72.3 ms
file loaded in 0.002195894 seconds, 26 symbols, 22 statements
[info] [0.000] SEED 1734754400215
test LogShifter Success: 0 tests passed in 5 cycles in 0.000503 seconds 9941.03 Hz
[info] [0.000] RAN 0 CYCLES PASSED
Starting tutorial Tbl
[info] [0.000] Elaborating design...
[info] [0.009] Done elaborating.
Computed transform order in: 127.6 ms
Total FIRRTL Compile Time: 234.0 ms
file loaded in 0.00847374 seconds, 259 symbols, 256 statements
[info] [0.000] SEED 1734754400215
test Tbl Success: 16 tests passed in 21 cycles in 0.002608 seconds 8052.74 Hz
[info] [0.003] RAN 16 CYCLES PASSED
Starting tutorial ByteSelector
[info] [0.000] Elaborating design...
[info] [0.005] Done elaborating.
Computed transform order in: 118.2 ms
Total FIRRTL Compile Time: 46.4 ms
file loaded in 7.89963E-4 seconds, 15 symbols, 11 statements
[info] [0.000] SEED 1734754400215
test ByteSelector Success: 4 tests passed in 9 cycles in 0.001629 seconds 5524.60 Hz
[info] [0.001] RAN 4 CYCLES PASSED
Starting tutorial Adder
[info] [0.000] Elaborating design...
[info] [0.014] Done elaborating.
Computed transform order in: 132.4 ms
Total FIRRTL Compile Time: 80.1 ms
file loaded in 0.003058205 seconds, 106 symbols, 93 statements
[info] [0.000] SEED 1734754400215
test Adder Success: 1024 tests passed in 517 cycles in 0.014190 seconds 36434.53 Hz
[info] [0.014] RAN 512 CYCLES PASSED
Starting tutorial Functionality
[info] [0.000] Elaborating design...
[info] [0.003] Done elaborating.
Computed transform order in: 103.5 ms
Total FIRRTL Compile Time: 32.1 ms
file loaded in 0.199300701 seconds, 9 symbols, 5 statements
[info] [0.000] SEED 1734754400215
test Functionality Success: 10 tests passed in 15 cycles in 0.003261 seconds 4599.95 Hz
[info] [0.002] RAN 10 CYCLES PASSED
Tutorials passing: 20
[success] Total time: 23 s, completed Dec 20, 2024 8:13:31 PM
